have_func: checking for strncpy_s()... -------------------- no

"gcc -o conftest -I/home/smit/.rvm/rubies/ruby-1.9.2-p290/include/ruby-1.9.1/x86_64-linux -I/home/smit/.rvm/rubies/ruby-1.9.2-p290/include/ruby-1.9.1/ruby/backward -I/home/smit/.rvm/rubies/ruby-1.9.2-p290/include/ruby-1.9.1 -I/home/smit/.rvm/gems/ruby-1.9.2-p290@rails310/gems/win32-api-1.4.8/ext     -O3 -ggdb -Wextra -Wno-unused-parameter -Wno-parentheses -Wpointer-arith -Wwrite-strings -Wno-missing-field-initializers -Wno-long-long  -fPIC conftest.c  -L. -L/home/smit/.rvm/rubies/ruby-1.9.2-p290/lib -Wl,-R/home/smit/.rvm/rubies/ruby-1.9.2-p290/lib -L.  -rdynamic -Wl,-export-dynamic     -Wl,-R -Wl,/home/smit/.rvm/rubies/ruby-1.9.2-p290/lib -L/home/smit/.rvm/rubies/ruby-1.9.2-p290/lib -lruby-static  -lpthread -lrt -ldl -lcrypt -lm   -lc"
checked program was:
/* begin */
1: #include "ruby.h"
2: 
3: int main() {return 0;}
/* end */

"gcc -o conftest -I/home/smit/.rvm/rubies/ruby-1.9.2-p290/include/ruby-1.9.1/x86_64-linux -I/home/smit/.rvm/rubies/ruby-1.9.2-p290/include/ruby-1.9.1/ruby/backward -I/home/smit/.rvm/rubies/ruby-1.9.2-p290/include/ruby-1.9.1 -I/home/smit/.rvm/gems/ruby-1.9.2-p290@rails310/gems/win32-api-1.4.8/ext     -O3 -ggdb -Wextra -Wno-unused-parameter -Wno-parentheses -Wpointer-arith -Wwrite-strings -Wno-missing-field-initializers -Wno-long-long  -fPIC conftest.c  -L. -L/home/smit/.rvm/rubies/ruby-1.9.2-p290/lib -Wl,-R/home/smit/.rvm/rubies/ruby-1.9.2-p290/lib -L.  -rdynamic -Wl,-export-dynamic     -Wl,-R -Wl,/home/smit/.rvm/rubies/ruby-1.9.2-p290/lib -L/home/smit/.rvm/rubies/ruby-1.9.2-p290/lib -lruby-static  -lpthread -lrt -ldl -lcrypt -lm   -lc"
conftest.c: In function ‘t’:
conftest.c:5:53: error: ‘strncpy_s’ undeclared (first use in this function)
conftest.c:5:53: note: each undeclared identifier is reported only once for each function it appears in
checked program was:
/* begin */
1: #include "ruby.h"
2: 
3: /*top*/
4: int main() {return 0;}
5: int t() { void ((*volatile p)()); p = (void ((*)()))strncpy_s; return 0; }
/* end */

"gcc -o conftest -I/home/smit/.rvm/rubies/ruby-1.9.2-p290/include/ruby-1.9.1/x86_64-linux -I/home/smit/.rvm/rubies/ruby-1.9.2-p290/include/ruby-1.9.1/ruby/backward -I/home/smit/.rvm/rubies/ruby-1.9.2-p290/include/ruby-1.9.1 -I/home/smit/.rvm/gems/ruby-1.9.2-p290@rails310/gems/win32-api-1.4.8/ext     -O3 -ggdb -Wextra -Wno-unused-parameter -Wno-parentheses -Wpointer-arith -Wwrite-strings -Wno-missing-field-initializers -Wno-long-long  -fPIC conftest.c  -L. -L/home/smit/.rvm/rubies/ruby-1.9.2-p290/lib -Wl,-R/home/smit/.rvm/rubies/ruby-1.9.2-p290/lib -L.  -rdynamic -Wl,-export-dynamic     -Wl,-R -Wl,/home/smit/.rvm/rubies/ruby-1.9.2-p290/lib -L/home/smit/.rvm/rubies/ruby-1.9.2-p290/lib -lruby-static  -lpthread -lrt -ldl -lcrypt -lm   -lc"
/tmp/ccJ7CdRM.o: In function `t':
/home/smit/RubymineProjects/WyISoFool/conftest.c:5: undefined reference to `strncpy_s'
collect2: ld returned 1 exit status
checked program was:
/* begin */
1: #include "ruby.h"
2: 
3: /*top*/
4: int main() {return 0;}
5: int t() { strncpy_s(); return 0; }
/* end */

--------------------

